

Started GET "/" for 127.0.0.1 at 2014-05-08 15:06:46 -0300
  Processing by ArticlesController#index as HTML
  [1m[36mSQL (0.3ms)[0m  [1m SELECT name
 FROM sqlite_master
 WHERE type = 'table' AND NOT name = 'sqlite_sequence'
[0m
  [1m[35mSQL (0.1ms)[0m   SELECT name
 FROM sqlite_master
 WHERE type = 'table' AND NOT name = 'sqlite_sequence'
  [1m[36mSQL (0.1ms)[0m  [1m SELECT name
 FROM sqlite_master
 WHERE type = 'table' AND NOT name = 'sqlite_sequence'
[0m
Completed 500 Internal Server Error in 20ms
  [1m[35mSQL (0.1ms)[0m   SELECT name
 FROM sqlite_master
 WHERE type = 'table' AND NOT name = 'sqlite_sequence'

NoMethodError (undefined method `searchable' for Article(Table doesn't exist):Class):
  app/models/article.rb:5:in `<class:Article>'
  app/models/article.rb:1:in `<top (required)>'
  app/controllers/articles_controller.rb:3:in `index'

  [1m[36mSQL (0.1ms)[0m  [1m SELECT name
 FROM sqlite_master
 WHERE type = 'table' AND NOT name = 'sqlite_sequence'
[0m
Rendered /Users/nathalia/.rvm/gems/ruby-2.1.0@railstutorial_rails_4_0/gems/actionpack-3.0.9/lib/action_dispatch/middleware/templates/rescues/_trace.erb (1.3ms)
Rendered /Users/nathalia/.rvm/gems/ruby-2.1.0@railstutorial_rails_4_0/gems/actionpack-3.0.9/lib/action_dispatch/middleware/templates/rescues/_request_and_response.erb (3.8ms)
Rendered /Users/nathalia/.rvm/gems/ruby-2.1.0@railstutorial_rails_4_0/gems/actionpack-3.0.9/lib/action_dispatch/middleware/templates/rescues/diagnostics.erb within rescues/layout (13.5ms)


Started GET "/" for 127.0.0.1 at 2014-05-08 15:06:46 -0300
  Processing by ArticlesController#index as HTML
  [1m[35mSQL (0.2ms)[0m   SELECT name
 FROM sqlite_master
 WHERE type = 'table' AND NOT name = 'sqlite_sequence'
  [1m[36mSQL (0.0ms)[0m  [1m SELECT name
 FROM sqlite_master
 WHERE type = 'table' AND NOT name = 'sqlite_sequence'
[0m
  [1m[35mSQL (0.0ms)[0m   SELECT name
 FROM sqlite_master
 WHERE type = 'table' AND NOT name = 'sqlite_sequence'
Completed 500 Internal Server Error in 5ms
  [1m[36mSQL (0.1ms)[0m  [1m SELECT name
 FROM sqlite_master
 WHERE type = 'table' AND NOT name = 'sqlite_sequence'
[0m

NoMethodError (undefined method `searchable' for Article(Table doesn't exist):Class):
  app/models/article.rb:5:in `<class:Article>'
  app/models/article.rb:1:in `<top (required)>'
  app/controllers/articles_controller.rb:3:in `index'

  [1m[35mSQL (0.1ms)[0m   SELECT name
 FROM sqlite_master
 WHERE type = 'table' AND NOT name = 'sqlite_sequence'
Rendered /Users/nathalia/.rvm/gems/ruby-2.1.0@railstutorial_rails_4_0/gems/actionpack-3.0.9/lib/action_dispatch/middleware/templates/rescues/_trace.erb (0.8ms)
Rendered /Users/nathalia/.rvm/gems/ruby-2.1.0@railstutorial_rails_4_0/gems/actionpack-3.0.9/lib/action_dispatch/middleware/templates/rescues/_request_and_response.erb (2.1ms)
Rendered /Users/nathalia/.rvm/gems/ruby-2.1.0@railstutorial_rails_4_0/gems/actionpack-3.0.9/lib/action_dispatch/middleware/templates/rescues/diagnostics.erb within rescues/layout (6.0ms)
  [1m[36mSQL (0.2ms)[0m  [1m SELECT name
 FROM sqlite_master
 WHERE type = 'table' AND NOT name = 'sqlite_sequence'
[0m
  [1m[35mSQL (0.0ms)[0m  select sqlite_version(*)
  [1m[36mSQL (9.0ms)[0m  [1mCREATE TABLE "schema_migrations" ("version" varchar(255) NOT NULL) [0m
  [1m[35mSQL (0.1ms)[0m  PRAGMA index_list("schema_migrations")
  [1m[36mSQL (1.1ms)[0m  [1mCREATE UNIQUE INDEX "unique_schema_migrations" ON "schema_migrations" ("version")[0m
  [1m[35mSQL (0.2ms)[0m   SELECT name
 FROM sqlite_master
 WHERE type = 'table' AND NOT name = 'sqlite_sequence'
  [1m[36mSQL (0.2ms)[0m  [1m SELECT name
 FROM sqlite_master
 WHERE type = 'table' AND NOT name = 'sqlite_sequence'
[0m
  [1m[35mSQL (0.1ms)[0m  SELECT "schema_migrations"."version" FROM "schema_migrations"
Migrating to CreateArticles (20110627034728)
  [1m[36mSQL (0.5ms)[0m  [1mCREATE TABLE "articles" ("id" INTEGER PRIMARY KEY AUTOINCREMENT NOT NULL, "name" varchar(255), "content" text, "created_at" datetime, "updated_at" datetime) [0m
  [1m[35mSQL (0.1ms)[0m  INSERT INTO "schema_migrations" ("version") VALUES ('20110627034728')
Migrating to CreateComments (20110808041831)
  [1m[36mSQL (0.3ms)[0m  [1mCREATE TABLE "comments" ("id" INTEGER PRIMARY KEY AUTOINCREMENT NOT NULL, "article_id" integer, "content" text, "created_at" datetime, "updated_at" datetime) [0m
  [1m[35mSQL (0.1ms)[0m  INSERT INTO "schema_migrations" ("version") VALUES ('20110808041831')
Migrating to AddPublishedAtToArticles (20110808050540)
  [1m[36mSQL (0.4ms)[0m  [1mALTER TABLE "articles" ADD "published_at" datetime[0m
  [1m[35mSQL (0.1ms)[0m  INSERT INTO "schema_migrations" ("version") VALUES ('20110808050540')
  [1m[36mSQL (0.2ms)[0m  [1m SELECT name
 FROM sqlite_master
 WHERE type = 'table' AND NOT name = 'sqlite_sequence'
[0m
  [1m[35mSQL (0.1ms)[0m  SELECT "schema_migrations"."version" FROM "schema_migrations"
  [1m[36mSQL (0.1ms)[0m  [1m SELECT name
 FROM sqlite_master
 WHERE type = 'table' AND NOT name = 'sqlite_sequence'
[0m
  [1m[35mSQL (0.0ms)[0m  PRAGMA index_list("articles")
  [1m[36mSQL (0.0ms)[0m  [1mPRAGMA index_list("comments")[0m


Started GET "/" for 127.0.0.1 at 2014-05-08 15:07:17 -0300
  Processing by ArticlesController#index as HTML
  [1m[36mSQL (0.2ms)[0m  [1m SELECT name
 FROM sqlite_master
 WHERE type = 'table' AND NOT name = 'sqlite_sequence'
[0m
  [1m[35mSQL (0.1ms)[0m   SELECT name
 FROM sqlite_master
 WHERE type = 'table' AND NOT name = 'sqlite_sequence'
  [1m[36mSQL (0.1ms)[0m  [1m SELECT name
 FROM sqlite_master
 WHERE type = 'table' AND NOT name = 'sqlite_sequence'
[0m
Completed 500 Internal Server Error in 6ms
  [1m[35mSQL (0.1ms)[0m   SELECT name
 FROM sqlite_master
 WHERE type = 'table' AND NOT name = 'sqlite_sequence'

NoMethodError (undefined method `searchable' for #<Class:0x00000101436910>):
  app/models/article.rb:5:in `<class:Article>'
  app/models/article.rb:1:in `<top (required)>'
  app/controllers/articles_controller.rb:3:in `index'

  [1m[36mSQL (0.1ms)[0m  [1m SELECT name
 FROM sqlite_master
 WHERE type = 'table' AND NOT name = 'sqlite_sequence'
[0m
Rendered /Users/nathalia/.rvm/gems/ruby-2.1.0@railstutorial_rails_4_0/gems/actionpack-3.0.9/lib/action_dispatch/middleware/templates/rescues/_trace.erb (0.8ms)
Rendered /Users/nathalia/.rvm/gems/ruby-2.1.0@railstutorial_rails_4_0/gems/actionpack-3.0.9/lib/action_dispatch/middleware/templates/rescues/_request_and_response.erb (2.0ms)
Rendered /Users/nathalia/.rvm/gems/ruby-2.1.0@railstutorial_rails_4_0/gems/actionpack-3.0.9/lib/action_dispatch/middleware/templates/rescues/diagnostics.erb within rescues/layout (5.8ms)
  [1m[36mSQL (0.3ms)[0m  [1m SELECT name
 FROM sqlite_master
 WHERE type = 'table' AND NOT name = 'sqlite_sequence'
[0m
  [1m[35mSQL (0.1ms)[0m   SELECT name
 FROM sqlite_master
 WHERE type = 'table' AND NOT name = 'sqlite_sequence'
  [1m[36mSQL (0.1ms)[0m  [1mSELECT "schema_migrations"."version" FROM "schema_migrations"[0m
  [1m[35mSQL (0.1ms)[0m  select sqlite_version(*)
  [1m[36mSQL (0.0ms)[0m  [1m SELECT name
 FROM sqlite_master
 WHERE type = 'table' AND NOT name = 'sqlite_sequence'
[0m
  [1m[35mSQL (9.1ms)[0m  CREATE TABLE "articles" ("id" INTEGER PRIMARY KEY AUTOINCREMENT NOT NULL, "name" varchar(255), "content" text, "created_at" datetime, "updated_at" datetime, "published_at" datetime) 
  [1m[36mSQL (0.1ms)[0m  [1m SELECT name
 FROM sqlite_master
 WHERE type = 'table' AND NOT name = 'sqlite_sequence'
[0m
  [1m[35mSQL (0.7ms)[0m  CREATE TABLE "comments" ("id" INTEGER PRIMARY KEY AUTOINCREMENT NOT NULL, "article_id" integer, "content" text, "created_at" datetime, "updated_at" datetime) 
  [1m[36mSQL (0.1ms)[0m  [1m SELECT name
 FROM sqlite_master
 WHERE type = 'table' AND NOT name = 'sqlite_sequence'
[0m
  [1m[35mSQL (0.7ms)[0m  CREATE TABLE "schema_migrations" ("version" varchar(255) NOT NULL) 
  [1m[36mSQL (0.0ms)[0m  [1mPRAGMA index_list("schema_migrations")[0m
  [1m[35mSQL (0.7ms)[0m  CREATE UNIQUE INDEX "unique_schema_migrations" ON "schema_migrations" ("version")
  [1m[36mSQL (0.1ms)[0m  [1m SELECT name
 FROM sqlite_master
 WHERE type = 'table' AND NOT name = 'sqlite_sequence'
[0m
  [1m[35mSQL (0.1ms)[0m  SELECT version FROM "schema_migrations"
  [1m[36mSQL (0.7ms)[0m  [1mINSERT INTO "schema_migrations" (version) VALUES ('20110808050540')[0m
  [1m[35mSQL (0.7ms)[0m  INSERT INTO "schema_migrations" (version) VALUES ('20110627034728')
  [1m[36mSQL (0.8ms)[0m  [1mINSERT INTO "schema_migrations" (version) VALUES ('20110808041831')[0m
  [1m[36mSQL (0.3ms)[0m  [1m SELECT name
 FROM sqlite_master
 WHERE type = 'table' AND NOT name = 'sqlite_sequence'
[0m
  [1m[35mSQL (0.1ms)[0m   SELECT name
 FROM sqlite_master
 WHERE type = 'table' AND NOT name = 'sqlite_sequence'
  [1m[36mSQL (0.1ms)[0m  [1mSELECT "schema_migrations"."version" FROM "schema_migrations"[0m
  [1m[35mSQL (0.1ms)[0m  select sqlite_version(*)
  [1m[36mSQL (0.0ms)[0m  [1m SELECT name
 FROM sqlite_master
 WHERE type = 'table' AND NOT name = 'sqlite_sequence'
[0m
  [1m[35mSQL (8.0ms)[0m  CREATE TABLE "articles" ("id" INTEGER PRIMARY KEY AUTOINCREMENT NOT NULL, "name" varchar(255), "content" text, "created_at" datetime, "updated_at" datetime, "published_at" datetime) 
  [1m[36mSQL (0.2ms)[0m  [1m SELECT name
 FROM sqlite_master
 WHERE type = 'table' AND NOT name = 'sqlite_sequence'
[0m
  [1m[35mSQL (0.9ms)[0m  CREATE TABLE "comments" ("id" INTEGER PRIMARY KEY AUTOINCREMENT NOT NULL, "article_id" integer, "content" text, "created_at" datetime, "updated_at" datetime) 
  [1m[36mSQL (0.1ms)[0m  [1m SELECT name
 FROM sqlite_master
 WHERE type = 'table' AND NOT name = 'sqlite_sequence'
[0m
  [1m[35mSQL (0.9ms)[0m  CREATE TABLE "schema_migrations" ("version" varchar(255) NOT NULL) 
  [1m[36mSQL (0.0ms)[0m  [1mPRAGMA index_list("schema_migrations")[0m
  [1m[35mSQL (1.0ms)[0m  CREATE UNIQUE INDEX "unique_schema_migrations" ON "schema_migrations" ("version")
  [1m[36mSQL (0.1ms)[0m  [1m SELECT name
 FROM sqlite_master
 WHERE type = 'table' AND NOT name = 'sqlite_sequence'
[0m
  [1m[35mSQL (0.1ms)[0m  SELECT version FROM "schema_migrations"
  [1m[36mSQL (0.8ms)[0m  [1mINSERT INTO "schema_migrations" (version) VALUES ('20110808050540')[0m
  [1m[35mSQL (0.9ms)[0m  INSERT INTO "schema_migrations" (version) VALUES ('20110627034728')
  [1m[36mSQL (0.9ms)[0m  [1mINSERT INTO "schema_migrations" (version) VALUES ('20110808041831')[0m


Started GET "/" for 127.0.0.1 at 2014-05-08 15:07:37 -0300
  Processing by ArticlesController#index as HTML
  [1m[35mSQL (0.1ms)[0m   SELECT name
 FROM sqlite_master
 WHERE type = 'table' AND NOT name = 'sqlite_sequence'
  [1m[36mSQL (0.1ms)[0m  [1m SELECT name
 FROM sqlite_master
 WHERE type = 'table' AND NOT name = 'sqlite_sequence'
[0m
  [1m[35mSQL (0.1ms)[0m   SELECT name
 FROM sqlite_master
 WHERE type = 'table' AND NOT name = 'sqlite_sequence'
Completed 500 Internal Server Error in 6ms
  [1m[36mSQL (0.2ms)[0m  [1m SELECT name
 FROM sqlite_master
 WHERE type = 'table' AND NOT name = 'sqlite_sequence'
[0m

NoMethodError (undefined method `searchable' for #<Class:0x000001023107b0>):
  app/models/article.rb:5:in `<class:Article>'
  app/models/article.rb:1:in `<top (required)>'
  app/controllers/articles_controller.rb:3:in `index'

  [1m[35mSQL (0.1ms)[0m   SELECT name
 FROM sqlite_master
 WHERE type = 'table' AND NOT name = 'sqlite_sequence'
Rendered /Users/nathalia/.rvm/gems/ruby-2.1.0@railstutorial_rails_4_0/gems/actionpack-3.0.9/lib/action_dispatch/middleware/templates/rescues/_trace.erb (0.9ms)
Rendered /Users/nathalia/.rvm/gems/ruby-2.1.0@railstutorial_rails_4_0/gems/actionpack-3.0.9/lib/action_dispatch/middleware/templates/rescues/_request_and_response.erb (1.9ms)
Rendered /Users/nathalia/.rvm/gems/ruby-2.1.0@railstutorial_rails_4_0/gems/actionpack-3.0.9/lib/action_dispatch/middleware/templates/rescues/diagnostics.erb within rescues/layout (5.7ms)


Started GET "/" for 127.0.0.1 at 2014-05-08 15:10:51 -0300
  Processing by ArticlesController#index as HTML
  [1m[36mArticle Load (0.2ms)[0m  [1mSELECT "articles".* FROM "articles"[0m
Rendered articles/index.html.erb within layouts/application (3.2ms)
Completed 200 OK in 30ms (Views: 15.0ms | ActiveRecord: 0.2ms)


Started GET "/articles/new" for 127.0.0.1 at 2014-05-08 15:11:06 -0300
  Processing by ArticlesController#new as HTML
Rendered articles/_form.html.erb (15.7ms)
Rendered articles/new.html.erb within layouts/application (19.1ms)
Completed 200 OK in 37ms (Views: 30.0ms | ActiveRecord: 0.0ms)


Started POST "/articles" for 127.0.0.1 at 2014-05-08 15:11:15 -0300
  Processing by ArticlesController#create as HTML
  Parameters: {"utf8"=>"✓", "authenticity_token"=>"QVcwlQwr4BROm3wXhH9KqY1n3eYl/tl8yJpbeQctvAw=", "article"=>{"name"=>"Artigo 1", "content"=>"kdjhvjkshbvjkschvjkcxbvhjkdfhbjkhdskjfbhjdgbd"}, "commit"=>"Create Article"}
  [1m[35mSQL (0.1ms)[0m   SELECT name
 FROM sqlite_master
 WHERE type = 'table' AND NOT name = 'sqlite_sequence'
  [1m[36mAREL (0.3ms)[0m  [1mINSERT INTO "articles" ("name", "content", "created_at", "updated_at", "published_at") VALUES ('Artigo 1', 'kdjhvjkshbvjkschvjkcxbvhjkdfhbjkhdskjfbhjdgbd', '2014-05-08 18:11:15.407190', '2014-05-08 18:11:15.407190', NULL)[0m
Redirected to http://localhost:3000/articles/1
Completed 302 Found in 14ms


Started GET "/articles/1" for 127.0.0.1 at 2014-05-08 15:11:15 -0300
  Processing by ArticlesController#show as HTML
  Parameters: {"id"=>"1"}
  [1m[35mArticle Load (0.3ms)[0m  SELECT "articles".* FROM "articles" WHERE "articles"."id" = 1 LIMIT 1
  [1m[36mComment Load (0.1ms)[0m  [1mSELECT "comments".* FROM "comments" WHERE ("comments".article_id = 1)[0m
Rendered articles/show.html.erb within layouts/application (17.3ms)
Completed 200 OK in 27ms (Views: 19.9ms | ActiveRecord: 0.8ms)


Started POST "/comments" for 127.0.0.1 at 2014-05-08 15:11:25 -0300
  Processing by CommentsController#create as HTML
  Parameters: {"utf8"=>"✓", "authenticity_token"=>"QVcwlQwr4BROm3wXhH9KqY1n3eYl/tl8yJpbeQctvAw=", "comment"=>{"article_id"=>"1", "content"=>"comentario 1"}, "commit"=>"Create Comment"}
  [1m[35mAREL (0.2ms)[0m  INSERT INTO "comments" ("article_id", "content", "created_at", "updated_at") VALUES (1, 'comentario 1', '2014-05-08 18:11:25.077527', '2014-05-08 18:11:25.077527')
  [1m[36mArticle Load (0.3ms)[0m  [1mSELECT "articles".* FROM "articles" WHERE "articles"."id" = 1 LIMIT 1[0m
Redirected to http://localhost:3000/articles/1
Completed 302 Found in 31ms


Started GET "/articles/1" for 127.0.0.1 at 2014-05-08 15:11:25 -0300
  Processing by ArticlesController#show as HTML
  Parameters: {"id"=>"1"}
  [1m[35mArticle Load (0.2ms)[0m  SELECT "articles".* FROM "articles" WHERE "articles"."id" = 1 LIMIT 1
  [1m[36mComment Load (0.1ms)[0m  [1mSELECT "comments".* FROM "comments" WHERE ("comments".article_id = 1)[0m
Rendered articles/show.html.erb within layouts/application (18.3ms)
Completed 200 OK in 27ms (Views: 20.5ms | ActiveRecord: 0.9ms)


Started GET "/" for 127.0.0.1 at 2014-05-08 15:11:37 -0300
  Processing by ArticlesController#index as HTML
  [1m[35mArticle Load (0.4ms)[0m  SELECT "articles".* FROM "articles"
  [1m[36mSQL (0.1ms)[0m  [1mSELECT COUNT(*) FROM "comments" WHERE ("comments".article_id = 1)[0m
Rendered articles/index.html.erb within layouts/application (11.8ms)
Completed 500 Internal Server Error in 20ms

ActionView::Template::Error (undefined method `strftime' for nil:NilClass):
    6:     <%= link_to article.name, article %>
    7:     <span class="comments">(<%= pluralize(article.comments.size, 'comment') %>)</span>
    8:   </h2>
    9:   <div class="published_at">on <%= article.published_at.strftime('%b %d, %Y') %></div>
    10:   <div class="content"><%= article.content %></div>
    11: <% end %>
    12: </div>
  app/views/articles/index.html.erb:9:in `block in _app_views_articles_index_html_erb___4212259305575181006_2159897780__4080645086014065849'
  app/views/articles/index.html.erb:4:in `each'
  app/views/articles/index.html.erb:4:in `_app_views_articles_index_html_erb___4212259305575181006_2159897780__4080645086014065849'

Rendered /Users/nathalia/.rvm/gems/ruby-2.1.0@railstutorial_rails_4_0/gems/actionpack-3.0.9/lib/action_dispatch/middleware/templates/rescues/_trace.erb (0.8ms)
Rendered /Users/nathalia/.rvm/gems/ruby-2.1.0@railstutorial_rails_4_0/gems/actionpack-3.0.9/lib/action_dispatch/middleware/templates/rescues/_request_and_response.erb (2.7ms)
Rendered /Users/nathalia/.rvm/gems/ruby-2.1.0@railstutorial_rails_4_0/gems/actionpack-3.0.9/lib/action_dispatch/middleware/templates/rescues/template_error.erb within rescues/layout (5.8ms)


Started GET "/" for 127.0.0.1 at 2014-05-08 15:11:38 -0300
  Processing by ArticlesController#index as HTML
  [1m[35mArticle Load (0.4ms)[0m  SELECT "articles".* FROM "articles"
  [1m[36mSQL (0.1ms)[0m  [1mSELECT COUNT(*) FROM "comments" WHERE ("comments".article_id = 1)[0m
Rendered articles/index.html.erb within layouts/application (12.5ms)
Completed 500 Internal Server Error in 21ms

ActionView::Template::Error (undefined method `strftime' for nil:NilClass):
    6:     <%= link_to article.name, article %>
    7:     <span class="comments">(<%= pluralize(article.comments.size, 'comment') %>)</span>
    8:   </h2>
    9:   <div class="published_at">on <%= article.published_at.strftime('%b %d, %Y') %></div>
    10:   <div class="content"><%= article.content %></div>
    11: <% end %>
    12: </div>
  app/views/articles/index.html.erb:9:in `block in _app_views_articles_index_html_erb___4212259305575181006_2157568840__4080645086014065849'
  app/views/articles/index.html.erb:4:in `each'
  app/views/articles/index.html.erb:4:in `_app_views_articles_index_html_erb___4212259305575181006_2157568840__4080645086014065849'

Rendered /Users/nathalia/.rvm/gems/ruby-2.1.0@railstutorial_rails_4_0/gems/actionpack-3.0.9/lib/action_dispatch/middleware/templates/rescues/_trace.erb (0.9ms)
Rendered /Users/nathalia/.rvm/gems/ruby-2.1.0@railstutorial_rails_4_0/gems/actionpack-3.0.9/lib/action_dispatch/middleware/templates/rescues/_request_and_response.erb (3.1ms)
Rendered /Users/nathalia/.rvm/gems/ruby-2.1.0@railstutorial_rails_4_0/gems/actionpack-3.0.9/lib/action_dispatch/middleware/templates/rescues/template_error.erb within rescues/layout (10.5ms)


Started GET "/" for 127.0.0.1 at 2014-05-08 15:11:42 -0300
  Processing by ArticlesController#index as HTML
  [1m[35mArticle Load (0.4ms)[0m  SELECT "articles".* FROM "articles"
  [1m[36mSQL (0.1ms)[0m  [1mSELECT COUNT(*) FROM "comments" WHERE ("comments".article_id = 1)[0m
Rendered articles/index.html.erb within layouts/application (11.9ms)
Completed 500 Internal Server Error in 21ms

ActionView::Template::Error (undefined method `strftime' for nil:NilClass):
    6:     <%= link_to article.name, article %>
    7:     <span class="comments">(<%= pluralize(article.comments.size, 'comment') %>)</span>
    8:   </h2>
    9:   <div class="published_at">on <%= article.published_at.strftime('%b %d, %Y') %></div>
    10:   <div class="content"><%= article.content %></div>
    11: <% end %>
    12: </div>
  app/views/articles/index.html.erb:9:in `block in _app_views_articles_index_html_erb___4212259305575181006_2189560820__4080645086014065849'
  app/views/articles/index.html.erb:4:in `each'
  app/views/articles/index.html.erb:4:in `_app_views_articles_index_html_erb___4212259305575181006_2189560820__4080645086014065849'

Rendered /Users/nathalia/.rvm/gems/ruby-2.1.0@railstutorial_rails_4_0/gems/actionpack-3.0.9/lib/action_dispatch/middleware/templates/rescues/_trace.erb (0.7ms)
Rendered /Users/nathalia/.rvm/gems/ruby-2.1.0@railstutorial_rails_4_0/gems/actionpack-3.0.9/lib/action_dispatch/middleware/templates/rescues/_request_and_response.erb (2.9ms)
Rendered /Users/nathalia/.rvm/gems/ruby-2.1.0@railstutorial_rails_4_0/gems/actionpack-3.0.9/lib/action_dispatch/middleware/templates/rescues/template_error.erb within rescues/layout (5.8ms)


Started GET "/articles" for 127.0.0.1 at 2014-05-08 15:11:46 -0300
  Processing by ArticlesController#index as HTML
  [1m[35mArticle Load (0.6ms)[0m  SELECT "articles".* FROM "articles"
  [1m[36mSQL (0.1ms)[0m  [1mSELECT COUNT(*) FROM "comments" WHERE ("comments".article_id = 1)[0m
Rendered articles/index.html.erb within layouts/application (16.4ms)
Completed 500 Internal Server Error in 26ms

ActionView::Template::Error (undefined method `strftime' for nil:NilClass):
    6:     <%= link_to article.name, article %>
    7:     <span class="comments">(<%= pluralize(article.comments.size, 'comment') %>)</span>
    8:   </h2>
    9:   <div class="published_at">on <%= article.published_at.strftime('%b %d, %Y') %></div>
    10:   <div class="content"><%= article.content %></div>
    11: <% end %>
    12: </div>
  app/views/articles/index.html.erb:9:in `block in _app_views_articles_index_html_erb___4212259305575181006_2165057720__4080645086014065849'
  app/views/articles/index.html.erb:4:in `each'
  app/views/articles/index.html.erb:4:in `_app_views_articles_index_html_erb___4212259305575181006_2165057720__4080645086014065849'

Rendered /Users/nathalia/.rvm/gems/ruby-2.1.0@railstutorial_rails_4_0/gems/actionpack-3.0.9/lib/action_dispatch/middleware/templates/rescues/_trace.erb (0.7ms)
Rendered /Users/nathalia/.rvm/gems/ruby-2.1.0@railstutorial_rails_4_0/gems/actionpack-3.0.9/lib/action_dispatch/middleware/templates/rescues/_request_and_response.erb (3.0ms)
Rendered /Users/nathalia/.rvm/gems/ruby-2.1.0@railstutorial_rails_4_0/gems/actionpack-3.0.9/lib/action_dispatch/middleware/templates/rescues/template_error.erb within rescues/layout (5.9ms)


Started GET "/" for 127.0.0.1 at 2014-05-08 15:11:53 -0300
  Processing by ArticlesController#index as HTML
  [1m[35mArticle Load (0.3ms)[0m  SELECT "articles".* FROM "articles"
  [1m[36mSQL (0.1ms)[0m  [1mSELECT COUNT(*) FROM "comments" WHERE ("comments".article_id = 1)[0m
Rendered articles/index.html.erb within layouts/application (13.5ms)
Completed 500 Internal Server Error in 21ms

ActionView::Template::Error (undefined method `strftime' for nil:NilClass):
    6:     <%= link_to article.name, article %>
    7:     <span class="comments">(<%= pluralize(article.comments.size, 'comment') %>)</span>
    8:   </h2>
    9:   <div class="published_at">on <%= article.published_at.strftime('%b %d, %Y') %></div>
    10:   <div class="content"><%= article.content %></div>
    11: <% end %>
    12: </div>
  app/views/articles/index.html.erb:9:in `block in _app_views_articles_index_html_erb___4212259305575181006_2158060700__4080645086014065849'
  app/views/articles/index.html.erb:4:in `each'
  app/views/articles/index.html.erb:4:in `_app_views_articles_index_html_erb___4212259305575181006_2158060700__4080645086014065849'

Rendered /Users/nathalia/.rvm/gems/ruby-2.1.0@railstutorial_rails_4_0/gems/actionpack-3.0.9/lib/action_dispatch/middleware/templates/rescues/_trace.erb (1.2ms)
Rendered /Users/nathalia/.rvm/gems/ruby-2.1.0@railstutorial_rails_4_0/gems/actionpack-3.0.9/lib/action_dispatch/middleware/templates/rescues/_request_and_response.erb (3.9ms)
Rendered /Users/nathalia/.rvm/gems/ruby-2.1.0@railstutorial_rails_4_0/gems/actionpack-3.0.9/lib/action_dispatch/middleware/templates/rescues/template_error.erb within rescues/layout (8.7ms)


Started GET "/" for 127.0.0.1 at 2014-05-08 15:12:20 -0300
  Processing by ArticlesController#index as HTML
  [1m[35mArticle Load (0.3ms)[0m  SELECT "articles".* FROM "articles"
  [1m[36mSQL (0.1ms)[0m  [1mSELECT COUNT(*) FROM "comments" WHERE ("comments".article_id = 1)[0m
Rendered articles/index.html.erb within layouts/application (11.4ms)
Completed 500 Internal Server Error in 18ms

ActionView::Template::Error (undefined method `strftime' for nil:NilClass):
    6:     <%= link_to article.name, article %>
    7:     <span class="comments">(<%= pluralize(article.comments.size, 'comment') %>)</span>
    8:   </h2>
    9:   <div class="published_at">on <%= article.published_at.strftime('%b %d, %Y') %></div>
    10:   <div class="content"><%= article.content %></div>
    11: <% end %>
    12: </div>
  app/views/articles/index.html.erb:9:in `block in _app_views_articles_index_html_erb___4212259305575181006_2158753080__4080645086014065849'
  app/views/articles/index.html.erb:4:in `each'
  app/views/articles/index.html.erb:4:in `_app_views_articles_index_html_erb___4212259305575181006_2158753080__4080645086014065849'

Rendered /Users/nathalia/.rvm/gems/ruby-2.1.0@railstutorial_rails_4_0/gems/actionpack-3.0.9/lib/action_dispatch/middleware/templates/rescues/_trace.erb (0.8ms)
Rendered /Users/nathalia/.rvm/gems/ruby-2.1.0@railstutorial_rails_4_0/gems/actionpack-3.0.9/lib/action_dispatch/middleware/templates/rescues/_request_and_response.erb (2.7ms)
Rendered /Users/nathalia/.rvm/gems/ruby-2.1.0@railstutorial_rails_4_0/gems/actionpack-3.0.9/lib/action_dispatch/middleware/templates/rescues/template_error.erb within rescues/layout (5.7ms)


Started GET "/" for 127.0.0.1 at 2014-05-08 15:13:17 -0300
  Processing by ArticlesController#index as HTML
  [1m[35mArticle Load (0.5ms)[0m  SELECT "articles".* FROM "articles"
  [1m[36mSQL (0.1ms)[0m  [1mSELECT COUNT(*) FROM "comments" WHERE ("comments".article_id = 1)[0m
Rendered articles/index.html.erb within layouts/application (17.7ms)
Completed 200 OK in 26ms (Views: 20.0ms | ActiveRecord: 0.6ms)


Started GET "/" for 127.0.0.1 at 2014-05-08 15:13:39 -0300
  Processing by ArticlesController#index as HTML
  [1m[35mArticle Load (0.5ms)[0m  SELECT "articles".* FROM "articles"
  [1m[36mSQL (0.1ms)[0m  [1mSELECT COUNT(*) FROM "comments" WHERE ("comments".article_id = 1)[0m
Rendered articles/index.html.erb within layouts/application (10.5ms)
Completed 500 Internal Server Error in 21ms

ActionView::Template::Error (undefined method `strftime' for nil:NilClass):
    6:     <%= link_to article.name, article %>
    7:     <span class="comments">(<%= pluralize(article.comments.size, 'comment') %>)</span>
    8:   </h2>
    9:   <div class="published_at">on <%= article.published_at.strftime('%b %d, %Y') %></div>
    10:   <div class="content"><%= article.content %></div>
    11: <% end %>
    12: </div>
  app/views/articles/index.html.erb:9:in `block in _app_views_articles_index_html_erb___4212259305575181006_2158964720__4080645086014065849'
  app/views/articles/index.html.erb:4:in `each'
  app/views/articles/index.html.erb:4:in `_app_views_articles_index_html_erb___4212259305575181006_2158964720__4080645086014065849'

Rendered /Users/nathalia/.rvm/gems/ruby-2.1.0@railstutorial_rails_4_0/gems/actionpack-3.0.9/lib/action_dispatch/middleware/templates/rescues/_trace.erb (0.8ms)
Rendered /Users/nathalia/.rvm/gems/ruby-2.1.0@railstutorial_rails_4_0/gems/actionpack-3.0.9/lib/action_dispatch/middleware/templates/rescues/_request_and_response.erb (2.8ms)
Rendered /Users/nathalia/.rvm/gems/ruby-2.1.0@railstutorial_rails_4_0/gems/actionpack-3.0.9/lib/action_dispatch/middleware/templates/rescues/template_error.erb within rescues/layout (5.9ms)


Started GET "/" for 127.0.0.1 at 2014-05-08 15:13:57 -0300
  Processing by ArticlesController#index as HTML
  [1m[35mArticle Load (0.6ms)[0m  SELECT "articles".* FROM "articles"
  [1m[36mSQL (0.1ms)[0m  [1mSELECT COUNT(*) FROM "comments" WHERE ("comments".article_id = 1)[0m
Rendered articles/index.html.erb within layouts/application (11.3ms)
Completed 200 OK in 20ms (Views: 13.8ms | ActiveRecord: 0.8ms)


Started GET "/articles/1" for 127.0.0.1 at 2014-05-08 15:14:00 -0300
  Processing by ArticlesController#show as HTML
  Parameters: {"id"=>"1"}
  [1m[35mArticle Load (0.2ms)[0m  SELECT "articles".* FROM "articles" WHERE "articles"."id" = 1 LIMIT 1
  [1m[36mComment Load (0.1ms)[0m  [1mSELECT "comments".* FROM "comments" WHERE ("comments".article_id = 1)[0m
Rendered articles/show.html.erb within layouts/application (21.2ms)
Completed 200 OK in 30ms (Views: 23.5ms | ActiveRecord: 0.4ms)


Started GET "/articles" for 127.0.0.1 at 2014-05-08 15:14:04 -0300
  Processing by ArticlesController#index as HTML
  [1m[35mArticle Load (0.5ms)[0m  SELECT "articles".* FROM "articles"
  [1m[36mSQL (0.1ms)[0m  [1mSELECT COUNT(*) FROM "comments" WHERE ("comments".article_id = 1)[0m
Rendered articles/index.html.erb within layouts/application (11.4ms)
Completed 200 OK in 20ms (Views: 14.5ms | ActiveRecord: 0.6ms)


Started GET "/articles/new" for 127.0.0.1 at 2014-05-08 15:14:06 -0300
  Processing by ArticlesController#new as HTML
Rendered articles/_form.html.erb (10.7ms)
Rendered articles/new.html.erb within layouts/application (13.0ms)
Completed 200 OK in 21ms (Views: 15.5ms | ActiveRecord: 0.0ms)


Started GET "/articles" for 127.0.0.1 at 2014-05-08 15:14:13 -0300
  Processing by ArticlesController#index as HTML
  [1m[35mArticle Load (0.4ms)[0m  SELECT "articles".* FROM "articles"
  [1m[36mSQL (0.1ms)[0m  [1mSELECT COUNT(*) FROM "comments" WHERE ("comments".article_id = 1)[0m
Rendered articles/index.html.erb within layouts/application (15.9ms)
Completed 200 OK in 25ms (Views: 19.3ms | ActiveRecord: 0.5ms)
