May 08, 2014 4:02:38 PM org.apache.solr.servlet.SolrDispatchFilter init
INFO: SolrDispatchFilter.init()
May 08, 2014 4:02:38 PM org.apache.solr.core.SolrResourceLoader locateSolrHome
INFO: JNDI not configured for solr (NoInitialContextEx)
May 08, 2014 4:02:38 PM org.apache.solr.core.SolrResourceLoader locateSolrHome
INFO: using system property solr.solr.home: /Users/nathalia/Workspace/tutorial-soo/database-search-with-solr/solr
May 08, 2014 4:02:38 PM org.apache.solr.core.CoreContainer$Initializer initialize
INFO: looking for solr.xml: /Users/nathalia/Workspace/tutorial-soo/database-search-with-solr/solr/solr.xml
May 08, 2014 4:02:38 PM org.apache.solr.core.CoreContainer <init>
INFO: New CoreContainer 720167805
May 08, 2014 4:02:38 PM org.apache.solr.core.CoreContainer load
INFO: Loading CoreContainer using Solr Home: '/Users/nathalia/Workspace/tutorial-soo/database-search-with-solr/solr/'
May 08, 2014 4:02:38 PM org.apache.solr.core.SolrResourceLoader <init>
INFO: new SolrResourceLoader for directory: '/Users/nathalia/Workspace/tutorial-soo/database-search-with-solr/solr/'
May 08, 2014 4:02:38 PM org.apache.solr.handler.component.HttpShardHandlerFactory getParameter
INFO: Setting socketTimeout to: 0
May 08, 2014 4:02:38 PM org.apache.solr.handler.component.HttpShardHandlerFactory getParameter
INFO: Setting urlScheme to: http://
May 08, 2014 4:02:38 PM org.apache.solr.handler.component.HttpShardHandlerFactory getParameter
INFO: Setting connTimeout to: 0
May 08, 2014 4:02:38 PM org.apache.solr.handler.component.HttpShardHandlerFactory getParameter
INFO: Setting maxConnectionsPerHost to: 20
May 08, 2014 4:02:38 PM org.apache.solr.handler.component.HttpShardHandlerFactory getParameter
INFO: Setting corePoolSize to: 0
May 08, 2014 4:02:38 PM org.apache.solr.handler.component.HttpShardHandlerFactory getParameter
INFO: Setting maximumPoolSize to: 2147483647
May 08, 2014 4:02:38 PM org.apache.solr.handler.component.HttpShardHandlerFactory getParameter
INFO: Setting maxThreadIdleTime to: 5
May 08, 2014 4:02:38 PM org.apache.solr.handler.component.HttpShardHandlerFactory getParameter
INFO: Setting sizeOfQueue to: -1
May 08, 2014 4:02:38 PM org.apache.solr.handler.component.HttpShardHandlerFactory getParameter
INFO: Setting fairnessPolicy to: false
May 08, 2014 4:02:38 PM org.apache.solr.client.solrj.impl.HttpClientUtil createClient
INFO: Creating new http client, config:maxConnectionsPerHost=20&maxConnections=10000&socketTimeout=0&connTimeout=0&retry=false
May 08, 2014 4:02:38 PM org.apache.solr.core.CoreContainer load
INFO: Registering Log Listener
May 08, 2014 4:02:38 PM org.apache.solr.core.CoreContainer create
INFO: Creating SolrCore 'default' using instanceDir: /Users/nathalia/Workspace/tutorial-soo/database-search-with-solr/solr/.
May 08, 2014 4:02:38 PM org.apache.solr.core.CoreContainer create
INFO: Creating SolrCore 'development' using instanceDir: /Users/nathalia/Workspace/tutorial-soo/database-search-with-solr/solr/.
May 08, 2014 4:02:38 PM org.apache.solr.core.CoreContainer create
INFO: Creating SolrCore 'test' using instanceDir: /Users/nathalia/Workspace/tutorial-soo/database-search-with-solr/solr/.
May 08, 2014 4:02:38 PM org.apache.solr.core.SolrResourceLoader <init>
INFO: new SolrResourceLoader for directory: '/Users/nathalia/Workspace/tutorial-soo/database-search-with-solr/solr/./'
May 08, 2014 4:02:38 PM org.apache.solr.core.SolrResourceLoader <init>
INFO: new SolrResourceLoader for directory: '/Users/nathalia/Workspace/tutorial-soo/database-search-with-solr/solr/./'
May 08, 2014 4:02:38 PM org.apache.solr.core.SolrResourceLoader <init>
INFO: new SolrResourceLoader for directory: '/Users/nathalia/Workspace/tutorial-soo/database-search-with-solr/solr/./'
May 08, 2014 4:02:38 PM org.apache.solr.core.SolrConfig <init>
INFO: Using Lucene MatchVersion: LUCENE_41
May 08, 2014 4:02:38 PM org.apache.solr.core.SolrConfig <init>
INFO: Using Lucene MatchVersion: LUCENE_41
May 08, 2014 4:02:38 PM org.apache.solr.core.SolrConfig <init>
INFO: Using Lucene MatchVersion: LUCENE_41
May 08, 2014 4:02:38 PM org.apache.solr.core.SolrConfig <init>
INFO: Loaded SolrConfig: solrconfig.xml
May 08, 2014 4:02:38 PM org.apache.solr.core.SolrConfig <init>
INFO: Loaded SolrConfig: solrconfig.xml
May 08, 2014 4:02:38 PM org.apache.solr.core.SolrConfig <init>
INFO: Loaded SolrConfig: solrconfig.xml
May 08, 2014 4:02:38 PM org.apache.solr.schema.IndexSchema readSchema
INFO: Reading Solr Schema
May 08, 2014 4:02:38 PM org.apache.solr.schema.IndexSchema readSchema
INFO: Reading Solr Schema
May 08, 2014 4:02:38 PM org.apache.solr.schema.IndexSchema readSchema
INFO: Reading Solr Schema
May 08, 2014 4:02:38 PM org.apache.solr.schema.IndexSchema readSchema
INFO: Schema name=sunspot
May 08, 2014 4:02:38 PM org.apache.solr.schema.IndexSchema readSchema
INFO: Schema name=sunspot
May 08, 2014 4:02:38 PM org.apache.solr.schema.IndexSchema readSchema
INFO: Schema name=sunspot
May 08, 2014 4:02:38 PM org.apache.solr.schema.IndexSchema readSchema
INFO: default search field in schema is text
May 08, 2014 4:02:38 PM org.apache.solr.schema.IndexSchema readSchema
INFO: default search field in schema is text
May 08, 2014 4:02:38 PM org.apache.solr.schema.IndexSchema readSchema
INFO: query parser default operator is AND
May 08, 2014 4:02:38 PM org.apache.solr.schema.IndexSchema readSchema
INFO: query parser default operator is AND
May 08, 2014 4:02:38 PM org.apache.solr.schema.IndexSchema readSchema
INFO: default search field in schema is text
May 08, 2014 4:02:38 PM org.apache.solr.schema.IndexSchema readSchema
INFO: unique key field: id
May 08, 2014 4:02:38 PM org.apache.solr.schema.IndexSchema readSchema
INFO: unique key field: id
May 08, 2014 4:02:38 PM org.apache.solr.schema.IndexSchema readSchema
INFO: query parser default operator is AND
May 08, 2014 4:02:38 PM org.apache.solr.schema.IndexSchema readSchema
INFO: unique key field: id
May 08, 2014 4:02:38 PM org.apache.solr.core.SolrCore <init>
INFO: [development] Opening new SolrCore at /Users/nathalia/Workspace/tutorial-soo/database-search-with-solr/solr/./, dataDir=/Users/nathalia/Workspace/tutorial-soo/database-search-with-solr/solr/./development/data/
May 08, 2014 4:02:38 PM org.apache.solr.core.SolrCore <init>
INFO: JMX monitoring not detected for core: development
May 08, 2014 4:02:38 PM org.apache.solr.core.SolrCore <init>
INFO: [test] Opening new SolrCore at /Users/nathalia/Workspace/tutorial-soo/database-search-with-solr/solr/./, dataDir=/Users/nathalia/Workspace/tutorial-soo/database-search-with-solr/solr/./test/data/
May 08, 2014 4:02:38 PM org.apache.solr.core.SolrCore initDirectoryFactory
INFO: solr.NRTCachingDirectoryFactory
May 08, 2014 4:02:38 PM org.apache.solr.core.SolrCore <init>
INFO: JMX monitoring not detected for core: test
May 08, 2014 4:02:39 PM org.apache.solr.core.SolrCore initDirectoryFactory
INFO: solr.NRTCachingDirectoryFactory
May 08, 2014 4:02:39 PM org.apache.solr.core.SolrCore <init>
INFO: [default] Opening new SolrCore at /Users/nathalia/Workspace/tutorial-soo/database-search-with-solr/solr/./, dataDir=/Users/nathalia/Workspace/tutorial-soo/database-search-with-solr/solr/./default/data/
May 08, 2014 4:02:39 PM org.apache.solr.core.SolrCore <init>
INFO: JMX monitoring not detected for core: default
May 08, 2014 4:02:39 PM org.apache.solr.core.SolrCore initDirectoryFactory
INFO: solr.NRTCachingDirectoryFactory
May 08, 2014 4:02:39 PM org.apache.solr.core.CachingDirectoryFactory get
INFO: return new directory for /Users/nathalia/Workspace/tutorial-soo/database-search-with-solr/solr/./development/data forceNew: false
May 08, 2014 4:02:39 PM org.apache.solr.core.SolrCore getNewIndexDir
INFO: New index directory detected: old=null new=/Users/nathalia/Workspace/tutorial-soo/database-search-with-solr/solr/./development/data/index/
May 08, 2014 4:02:39 PM org.apache.solr.core.SolrCore initIndex
WARNING: [development] Solr index directory '/Users/nathalia/Workspace/tutorial-soo/database-search-with-solr/solr/./development/data/index' doesn't exist. Creating new index...
May 08, 2014 4:02:39 PM org.apache.solr.core.CachingDirectoryFactory get
INFO: return new directory for /Users/nathalia/Workspace/tutorial-soo/database-search-with-solr/solr/./test/data forceNew: false
May 08, 2014 4:02:39 PM org.apache.solr.core.SolrCore getNewIndexDir
INFO: New index directory detected: old=null new=/Users/nathalia/Workspace/tutorial-soo/database-search-with-solr/solr/./test/data/index/
May 08, 2014 4:02:39 PM org.apache.solr.core.SolrCore initIndex
WARNING: [test] Solr index directory '/Users/nathalia/Workspace/tutorial-soo/database-search-with-solr/solr/./test/data/index' doesn't exist. Creating new index...
May 08, 2014 4:02:39 PM org.apache.solr.core.CachingDirectoryFactory get
INFO: return new directory for /Users/nathalia/Workspace/tutorial-soo/database-search-with-solr/solr/./default/data forceNew: false
May 08, 2014 4:02:39 PM org.apache.solr.core.SolrCore getNewIndexDir
INFO: New index directory detected: old=null new=/Users/nathalia/Workspace/tutorial-soo/database-search-with-solr/solr/./default/data/index/
May 08, 2014 4:02:39 PM org.apache.solr.core.SolrCore initIndex
WARNING: [default] Solr index directory '/Users/nathalia/Workspace/tutorial-soo/database-search-with-solr/solr/./default/data/index' doesn't exist. Creating new index...
May 08, 2014 4:02:39 PM org.apache.solr.core.CachingDirectoryFactory get
INFO: return new directory for /Users/nathalia/Workspace/tutorial-soo/database-search-with-solr/solr/./development/data/index forceNew: false
May 08, 2014 4:02:39 PM org.apache.solr.core.CachingDirectoryFactory get
INFO: return new directory for /Users/nathalia/Workspace/tutorial-soo/database-search-with-solr/solr/./default/data/index forceNew: false
May 08, 2014 4:02:39 PM org.apache.solr.core.CachingDirectoryFactory get
INFO: return new directory for /Users/nathalia/Workspace/tutorial-soo/database-search-with-solr/solr/./test/data/index forceNew: false
May 08, 2014 4:02:39 PM org.apache.solr.core.SolrDeletionPolicy onCommit
INFO: SolrDeletionPolicy.onCommit: commits:num=1
	commit{dir=NRTCachingDirectory(org.apache.lucene.store.NIOFSDirectory@/Users/nathalia/Workspace/tutorial-soo/database-search-with-solr/solr/development/data/index lockFactory=org.apache.lucene.store.NativeFSLockFactory@3c253c41; maxCacheMB=48.0 maxMergeSizeMB=4.0),segFN=segments_1,generation=1,filenames=[segments_1]
May 08, 2014 4:02:39 PM org.apache.solr.core.SolrDeletionPolicy onCommit
INFO: SolrDeletionPolicy.onCommit: commits:num=1
	commit{dir=NRTCachingDirectory(org.apache.lucene.store.NIOFSDirectory@/Users/nathalia/Workspace/tutorial-soo/database-search-with-solr/solr/test/data/index lockFactory=org.apache.lucene.store.NativeFSLockFactory@5f1c7478; maxCacheMB=48.0 maxMergeSizeMB=4.0),segFN=segments_1,generation=1,filenames=[segments_1]
May 08, 2014 4:02:39 PM org.apache.solr.core.SolrDeletionPolicy onCommit
INFO: SolrDeletionPolicy.onCommit: commits:num=1
	commit{dir=NRTCachingDirectory(org.apache.lucene.store.NIOFSDirectory@/Users/nathalia/Workspace/tutorial-soo/database-search-with-solr/solr/default/data/index lockFactory=org.apache.lucene.store.NativeFSLockFactory@51332cb7; maxCacheMB=48.0 maxMergeSizeMB=4.0),segFN=segments_1,generation=1,filenames=[segments_1]
May 08, 2014 4:02:39 PM org.apache.solr.core.SolrDeletionPolicy updateCommits
INFO: newest commit = 1[segments_1]
May 08, 2014 4:02:39 PM org.apache.solr.core.SolrDeletionPolicy updateCommits
INFO: newest commit = 1[segments_1]
May 08, 2014 4:02:39 PM org.apache.solr.core.SolrDeletionPolicy updateCommits
INFO: newest commit = 1[segments_1]
May 08, 2014 4:02:39 PM org.apache.solr.core.RequestHandlers initHandlersFromConfig
INFO: created /select: solr.SearchHandler
May 08, 2014 4:02:39 PM org.apache.solr.core.RequestHandlers initHandlersFromConfig
INFO: created /query: solr.SearchHandler
May 08, 2014 4:02:39 PM org.apache.solr.core.RequestHandlers initHandlersFromConfig
INFO: created /select: solr.SearchHandler
May 08, 2014 4:02:39 PM org.apache.solr.core.RequestHandlers initHandlersFromConfig
INFO: created /query: solr.SearchHandler
May 08, 2014 4:02:39 PM org.apache.solr.core.RequestHandlers initHandlersFromConfig
INFO: created /get: solr.RealTimeGetHandler
May 08, 2014 4:02:39 PM org.apache.solr.core.RequestHandlers initHandlersFromConfig
INFO: created /select: solr.SearchHandler
May 08, 2014 4:02:39 PM org.apache.solr.core.RequestHandlers initHandlersFromConfig
INFO: created /query: solr.SearchHandler
May 08, 2014 4:02:39 PM org.apache.solr.core.RequestHandlers initHandlersFromConfig
INFO: created /get: solr.RealTimeGetHandler
May 08, 2014 4:02:39 PM org.apache.solr.core.RequestHandlers initHandlersFromConfig
INFO: created /get: solr.RealTimeGetHandler
May 08, 2014 4:02:39 PM org.apache.solr.core.RequestHandlers initHandlersFromConfig
INFO: created /update: solr.UpdateRequestHandler
May 08, 2014 4:02:39 PM org.apache.solr.core.RequestHandlers initHandlersFromConfig
INFO: created /update: solr.UpdateRequestHandler
May 08, 2014 4:02:39 PM org.apache.solr.core.RequestHandlers initHandlersFromConfig
INFO: created /update/json: solr.JsonUpdateRequestHandler
May 08, 2014 4:02:39 PM org.apache.solr.core.RequestHandlers initHandlersFromConfig
INFO: created /update/json: solr.JsonUpdateRequestHandler
May 08, 2014 4:02:39 PM org.apache.solr.core.RequestHandlers initHandlersFromConfig
INFO: created /update: solr.UpdateRequestHandler
May 08, 2014 4:02:39 PM org.apache.solr.core.RequestHandlers initHandlersFromConfig
INFO: created /update/json: solr.JsonUpdateRequestHandler
May 08, 2014 4:02:39 PM org.apache.solr.core.RequestHandlers initHandlersFromConfig
INFO: created /update/csv: solr.CSVRequestHandler
May 08, 2014 4:02:39 PM org.apache.solr.core.RequestHandlers initHandlersFromConfig
INFO: adding lazy requestHandler: solr.extraction.ExtractingRequestHandler
May 08, 2014 4:02:39 PM org.apache.solr.core.RequestHandlers initHandlersFromConfig
INFO: created /update/extract: solr.extraction.ExtractingRequestHandler
May 08, 2014 4:02:39 PM org.apache.solr.core.RequestHandlers initHandlersFromConfig
INFO: adding lazy requestHandler: solr.FieldAnalysisRequestHandler
May 08, 2014 4:02:39 PM org.apache.solr.core.RequestHandlers initHandlersFromConfig
INFO: created /update/csv: solr.CSVRequestHandler
May 08, 2014 4:02:39 PM org.apache.solr.core.RequestHandlers initHandlersFromConfig
INFO: created /analysis/field: solr.FieldAnalysisRequestHandler
May 08, 2014 4:02:39 PM org.apache.solr.core.RequestHandlers initHandlersFromConfig
INFO: adding lazy requestHandler: solr.extraction.ExtractingRequestHandler
May 08, 2014 4:02:39 PM org.apache.solr.core.RequestHandlers initHandlersFromConfig
INFO: created /update/csv: solr.CSVRequestHandler
May 08, 2014 4:02:39 PM org.apache.solr.core.RequestHandlers initHandlersFromConfig
INFO: adding lazy requestHandler: solr.extraction.ExtractingRequestHandler
May 08, 2014 4:02:39 PM org.apache.solr.core.RequestHandlers initHandlersFromConfig
INFO: created /update/extract: solr.extraction.ExtractingRequestHandler
May 08, 2014 4:02:39 PM org.apache.solr.core.RequestHandlers initHandlersFromConfig
INFO: adding lazy requestHandler: solr.FieldAnalysisRequestHandler
May 08, 2014 4:02:39 PM org.apache.solr.core.RequestHandlers initHandlersFromConfig
INFO: created /analysis/field: solr.FieldAnalysisRequestHandler
May 08, 2014 4:02:39 PM org.apache.solr.core.RequestHandlers initHandlersFromConfig
INFO: adding lazy requestHandler: solr.DocumentAnalysisRequestHandler
May 08, 2014 4:02:39 PM org.apache.solr.core.RequestHandlers initHandlersFromConfig
INFO: created /analysis/document: solr.DocumentAnalysisRequestHandler
May 08, 2014 4:02:39 PM org.apache.solr.core.RequestHandlers initHandlersFromConfig
INFO: created /update/extract: solr.extraction.ExtractingRequestHandler
May 08, 2014 4:02:39 PM org.apache.solr.core.RequestHandlers initHandlersFromConfig
INFO: adding lazy requestHandler: solr.FieldAnalysisRequestHandler
May 08, 2014 4:02:39 PM org.apache.solr.core.RequestHandlers initHandlersFromConfig
INFO: created /analysis/field: solr.FieldAnalysisRequestHandler
May 08, 2014 4:02:39 PM org.apache.solr.core.RequestHandlers initHandlersFromConfig
INFO: adding lazy requestHandler: solr.DocumentAnalysisRequestHandler
May 08, 2014 4:02:39 PM org.apache.solr.core.RequestHandlers initHandlersFromConfig
INFO: created /analysis/document: solr.DocumentAnalysisRequestHandler
May 08, 2014 4:02:39 PM org.apache.solr.core.RequestHandlers initHandlersFromConfig
INFO: created /admin/ping: solr.PingRequestHandler
May 08, 2014 4:02:39 PM org.apache.solr.core.RequestHandlers initHandlersFromConfig
INFO: adding lazy requestHandler: solr.DocumentAnalysisRequestHandler
May 08, 2014 4:02:39 PM org.apache.solr.core.RequestHandlers initHandlersFromConfig
INFO: created /admin/ping: solr.PingRequestHandler
May 08, 2014 4:02:39 PM org.apache.solr.core.RequestHandlers initHandlersFromConfig
INFO: created /debug/dump: solr.DumpRequestHandler
May 08, 2014 4:02:39 PM org.apache.solr.core.RequestHandlers initHandlersFromConfig
INFO: created /debug/dump: solr.DumpRequestHandler
May 08, 2014 4:02:39 PM org.apache.solr.core.RequestHandlers initHandlersFromConfig
INFO: created /analysis/document: solr.DocumentAnalysisRequestHandler
May 08, 2014 4:02:39 PM org.apache.solr.core.RequestHandlers initHandlersFromConfig
INFO: created /admin/ping: solr.PingRequestHandler
May 08, 2014 4:02:39 PM org.apache.solr.core.RequestHandlers initHandlersFromConfig
INFO: created /debug/dump: solr.DumpRequestHandler
May 08, 2014 4:02:39 PM org.apache.solr.core.RequestHandlers initHandlersFromConfig
INFO: created /replication: solr.ReplicationHandler
May 08, 2014 4:02:39 PM org.apache.solr.core.RequestHandlers initHandlersFromConfig
INFO: created /replication: solr.ReplicationHandler
May 08, 2014 4:02:39 PM org.apache.solr.core.RequestHandlers initHandlersFromConfig
INFO: created /replication: solr.ReplicationHandler
May 08, 2014 4:02:39 PM org.apache.solr.core.RequestHandlers initHandlersFromConfig
INFO: created /mlt: solr.MoreLikeThisHandler
May 08, 2014 4:02:39 PM org.apache.solr.core.RequestHandlers initHandlersFromConfig
INFO: created /mlt: solr.MoreLikeThisHandler
May 08, 2014 4:02:39 PM org.apache.solr.core.RequestHandlers initHandlersFromConfig
INFO: created /mlt: solr.MoreLikeThisHandler
May 08, 2014 4:02:39 PM org.apache.solr.core.RequestHandlers initHandlersFromConfig
INFO: created /admin/: solr.admin.AdminHandlers
May 08, 2014 4:02:39 PM org.apache.solr.core.RequestHandlers initHandlersFromConfig
INFO: created /admin/: solr.admin.AdminHandlers
May 08, 2014 4:02:39 PM org.apache.solr.core.RequestHandlers initHandlersFromConfig
INFO: created /admin/: solr.admin.AdminHandlers
May 08, 2014 4:02:39 PM org.apache.solr.handler.loader.XMLLoader init
INFO: xsltCacheLifetimeSeconds=60
May 08, 2014 4:02:39 PM org.apache.solr.handler.loader.XMLLoader init
INFO: xsltCacheLifetimeSeconds=60
May 08, 2014 4:02:39 PM org.apache.solr.handler.loader.XMLLoader init
INFO: xsltCacheLifetimeSeconds=60
May 08, 2014 4:02:39 PM org.apache.solr.handler.loader.XMLLoader init
INFO: xsltCacheLifetimeSeconds=60
May 08, 2014 4:02:39 PM org.apache.solr.handler.loader.XMLLoader init
INFO: xsltCacheLifetimeSeconds=60
May 08, 2014 4:02:39 PM org.apache.solr.handler.loader.XMLLoader init
INFO: xsltCacheLifetimeSeconds=60
May 08, 2014 4:02:39 PM org.apache.solr.handler.loader.XMLLoader init
INFO: xsltCacheLifetimeSeconds=60
May 08, 2014 4:02:39 PM org.apache.solr.handler.loader.XMLLoader init
INFO: xsltCacheLifetimeSeconds=60
May 08, 2014 4:02:39 PM org.apache.solr.handler.loader.XMLLoader init
INFO: xsltCacheLifetimeSeconds=60
May 08, 2014 4:02:39 PM org.apache.solr.search.SolrIndexSearcher <init>
INFO: Opening Searcher@21258cf main
May 08, 2014 4:02:39 PM org.apache.solr.search.SolrIndexSearcher <init>
INFO: Opening Searcher@6600c023 main
May 08, 2014 4:02:39 PM org.apache.solr.search.SolrIndexSearcher <init>
INFO: Opening Searcher@3306685b main
May 08, 2014 4:02:39 PM org.apache.solr.update.CommitTracker <init>
INFO: Hard AutoCommit: if uncommited for 15000ms; 
May 08, 2014 4:02:39 PM org.apache.solr.update.CommitTracker <init>
INFO: Hard AutoCommit: if uncommited for 15000ms; 
May 08, 2014 4:02:39 PM org.apache.solr.update.CommitTracker <init>
INFO: Hard AutoCommit: if uncommited for 15000ms; 
May 08, 2014 4:02:39 PM org.apache.solr.update.CommitTracker <init>
INFO: Soft AutoCommit: if uncommited for 5000ms; 
May 08, 2014 4:02:39 PM org.apache.solr.update.CommitTracker <init>
INFO: Soft AutoCommit: if uncommited for 5000ms; 
May 08, 2014 4:02:39 PM org.apache.solr.update.CommitTracker <init>
INFO: Soft AutoCommit: if uncommited for 5000ms; 
May 08, 2014 4:02:39 PM org.apache.solr.handler.component.SpellCheckComponent inform
INFO: Initializing spell checkers
May 08, 2014 4:02:39 PM org.apache.solr.handler.component.SpellCheckComponent inform
INFO: Initializing spell checkers
May 08, 2014 4:02:39 PM org.apache.solr.handler.component.SpellCheckComponent inform
INFO: Initializing spell checkers
May 08, 2014 4:02:39 PM org.apache.solr.spelling.DirectSolrSpellChecker init
INFO: init: {name=default,field=name,classname=solr.DirectSolrSpellChecker,distanceMeasure=internal,accuracy=0.5,maxEdits=2,minPrefix=1,maxInspections=5,minQueryLength=4,maxQueryFrequency=0.01}
May 08, 2014 4:02:39 PM org.apache.solr.spelling.DirectSolrSpellChecker init
INFO: init: {name=default,field=name,classname=solr.DirectSolrSpellChecker,distanceMeasure=internal,accuracy=0.5,maxEdits=2,minPrefix=1,maxInspections=5,minQueryLength=4,maxQueryFrequency=0.01}
May 08, 2014 4:02:39 PM org.apache.solr.spelling.DirectSolrSpellChecker init
INFO: init: {name=default,field=name,classname=solr.DirectSolrSpellChecker,distanceMeasure=internal,accuracy=0.5,maxEdits=2,minPrefix=1,maxInspections=5,minQueryLength=4,maxQueryFrequency=0.01}
May 08, 2014 4:02:39 PM org.apache.solr.handler.component.SpellCheckComponent inform
INFO: No queryConverter defined, using default converter
May 08, 2014 4:02:39 PM org.apache.solr.handler.component.SpellCheckComponent inform
INFO: No queryConverter defined, using default converter
May 08, 2014 4:02:39 PM org.apache.solr.handler.component.SpellCheckComponent inform
INFO: No queryConverter defined, using default converter
May 08, 2014 4:02:39 PM org.apache.solr.handler.ReplicationHandler inform
INFO: Commits will be reserved for  10000
May 08, 2014 4:02:39 PM org.apache.solr.handler.ReplicationHandler inform
INFO: Commits will be reserved for  10000
May 08, 2014 4:02:39 PM org.apache.solr.handler.ReplicationHandler inform
INFO: Commits will be reserved for  10000
May 08, 2014 4:02:39 PM org.apache.solr.core.CoreContainer registerCore
INFO: registering core: test
May 08, 2014 4:02:39 PM org.apache.solr.core.SolrCore registerSearcher
INFO: [development] Registered new searcher Searcher@3306685b main{StandardDirectoryReader(segments_1:1)}
May 08, 2014 4:02:39 PM org.apache.solr.core.CoreContainer registerCore
INFO: registering core: development
May 08, 2014 4:02:39 PM org.apache.solr.core.SolrCore registerSearcher
INFO: [default] Registered new searcher Searcher@21258cf main{StandardDirectoryReader(segments_1:1)}
May 08, 2014 4:02:39 PM org.apache.solr.core.CoreContainer registerCore
INFO: registering core: default
May 08, 2014 4:02:39 PM org.apache.solr.core.SolrCore registerSearcher
INFO: [test] Registered new searcher Searcher@6600c023 main{StandardDirectoryReader(segments_1:1)}
May 08, 2014 4:02:39 PM org.apache.solr.servlet.SolrDispatchFilter init
INFO: user.dir=/Users/nathalia/.rvm/gems/ruby-2.1.0@railstutorial_rails_4_0/gems/sunspot_solr-2.1.1/solr
May 08, 2014 4:02:39 PM org.apache.solr.servlet.SolrDispatchFilter init
INFO: SolrDispatchFilter.init() done
May 08, 2014 4:03:24 PM org.apache.solr.core.SolrCore execute
INFO: [development] webapp=/solr path=/select params={q=*:*&start=0&fq=type:Article&rows=30&wt=ruby} hits=0 status=0 QTime=91 
May 08, 2014 4:03:24 PM org.apache.solr.core.SolrCore execute
INFO: [development] webapp=/solr path=/select params={q=*:*&start=0&fq=type:Article&rows=30&wt=ruby} hits=0 status=0 QTime=1 
May 08, 2014 4:03:37 PM org.apache.solr.core.SolrDeletionPolicy onInit
INFO: SolrDeletionPolicy.onInit: commits:num=1
	commit{dir=NRTCachingDirectory(org.apache.lucene.store.NIOFSDirectory@/Users/nathalia/Workspace/tutorial-soo/database-search-with-solr/solr/development/data/index lockFactory=org.apache.lucene.store.NativeFSLockFactory@3c253c41; maxCacheMB=48.0 maxMergeSizeMB=4.0),segFN=segments_1,generation=1,filenames=[segments_1]
May 08, 2014 4:03:37 PM org.apache.solr.core.SolrDeletionPolicy updateCommits
INFO: newest commit = 1[segments_1]
May 08, 2014 4:03:37 PM org.apache.solr.update.processor.LogUpdateProcessor finish
INFO: [development] webapp=/solr path=/update params={wt=ruby} {add=[Article 5 (1467561612340625408)]} 0 60
May 08, 2014 4:03:37 PM org.apache.solr.update.DirectUpdateHandler2 commit
INFO: start commit{,optimize=false,openSearcher=true,waitSearcher=true,expungeDeletes=false,softCommit=false,prepareCommit=false}
May 08, 2014 4:03:37 PM org.apache.solr.core.SolrDeletionPolicy onCommit
INFO: SolrDeletionPolicy.onCommit: commits:num=2
	commit{dir=NRTCachingDirectory(org.apache.lucene.store.NIOFSDirectory@/Users/nathalia/Workspace/tutorial-soo/database-search-with-solr/solr/development/data/index lockFactory=org.apache.lucene.store.NativeFSLockFactory@3c253c41; maxCacheMB=48.0 maxMergeSizeMB=4.0),segFN=segments_1,generation=1,filenames=[segments_1]
	commit{dir=NRTCachingDirectory(org.apache.lucene.store.NIOFSDirectory@/Users/nathalia/Workspace/tutorial-soo/database-search-with-solr/solr/development/data/index lockFactory=org.apache.lucene.store.NativeFSLockFactory@3c253c41; maxCacheMB=48.0 maxMergeSizeMB=4.0),segFN=segments_2,generation=2,filenames=[_0_Lucene41_0.tip, _0_Lucene41_0.doc, _0.si, _0_Lucene41_0.tim, segments_2, _0.nvd, _0.fdx, _0.fdt, _0_Lucene41_0.pos, _0.nvm, _0.fnm]
May 08, 2014 4:03:37 PM org.apache.solr.core.SolrDeletionPolicy updateCommits
INFO: newest commit = 2[_0_Lucene41_0.tip, _0_Lucene41_0.doc, _0.si, _0_Lucene41_0.tim, segments_2, _0.nvd, _0.fdx, _0.fdt, _0_Lucene41_0.pos, _0.nvm, _0.fnm]
May 08, 2014 4:03:37 PM org.apache.solr.search.SolrIndexSearcher <init>
INFO: Opening Searcher@b14c0fe main
May 08, 2014 4:03:37 PM org.apache.solr.core.SolrCore registerSearcher
INFO: [development] Registered new searcher Searcher@b14c0fe main{StandardDirectoryReader(segments_2:3 _0(4.2):C1)}
May 08, 2014 4:03:37 PM org.apache.solr.update.DirectUpdateHandler2 commit
INFO: end_commit_flush
May 08, 2014 4:03:37 PM org.apache.solr.update.processor.LogUpdateProcessor finish
INFO: [development] webapp=/solr path=/update params={wt=ruby} {commit=} 0 57
May 08, 2014 4:03:43 PM org.apache.solr.core.SolrCore execute
INFO: [development] webapp=/solr path=/select params={q=*:*&start=0&fq=type:Article&rows=30&wt=ruby} hits=1 status=0 QTime=10 
May 08, 2014 4:04:07 PM org.apache.solr.update.processor.LogUpdateProcessor finish
INFO: [development] webapp=/solr path=/update params={wt=ruby} {add=[Article 6 (1467561644104089600)]} 0 2
May 08, 2014 4:04:07 PM org.apache.solr.update.DirectUpdateHandler2 commit
INFO: start commit{,optimize=false,openSearcher=true,waitSearcher=true,expungeDeletes=false,softCommit=false,prepareCommit=false}
May 08, 2014 4:04:07 PM org.apache.solr.core.SolrDeletionPolicy onCommit
INFO: SolrDeletionPolicy.onCommit: commits:num=2
	commit{dir=NRTCachingDirectory(org.apache.lucene.store.NIOFSDirectory@/Users/nathalia/Workspace/tutorial-soo/database-search-with-solr/solr/development/data/index lockFactory=org.apache.lucene.store.NativeFSLockFactory@3c253c41; maxCacheMB=48.0 maxMergeSizeMB=4.0),segFN=segments_2,generation=2,filenames=[_0_Lucene41_0.tip, _0_Lucene41_0.doc, _0.si, _0_Lucene41_0.tim, segments_2, _0.nvd, _0.fdx, _0.fdt, _0_Lucene41_0.pos, _0.nvm, _0.fnm]
	commit{dir=NRTCachingDirectory(org.apache.lucene.store.NIOFSDirectory@/Users/nathalia/Workspace/tutorial-soo/database-search-with-solr/solr/development/data/index lockFactory=org.apache.lucene.store.NativeFSLockFactory@3c253c41; maxCacheMB=48.0 maxMergeSizeMB=4.0),segFN=segments_3,generation=3,filenames=[_0_Lucene41_0.tip, _0_Lucene41_0.doc, _0.si, _0_Lucene41_0.tim, _1.si, _1.nvd, _0.nvd, _0.fdx, _1.nvm, _1.fnm, _0.fdt, _0_Lucene41_0.pos, segments_3, _1_Lucene41_0.tip, _1.fdx, _1_Lucene41_0.doc, _1_Lucene41_0.tim, _0.nvm, _0.fnm, _1.fdt, _1_Lucene41_0.pos]
May 08, 2014 4:04:07 PM org.apache.solr.core.SolrDeletionPolicy updateCommits
INFO: newest commit = 3[_0_Lucene41_0.tip, _0_Lucene41_0.doc, _0.si, _0_Lucene41_0.tim, _1.si, _1.nvd, _0.nvd, _0.fdx, _1.nvm, _1.fnm, _0.fdt, _0_Lucene41_0.pos, segments_3, _1_Lucene41_0.tip, _1.fdx, _1_Lucene41_0.doc, _1_Lucene41_0.tim, _0.nvm, _0.fnm, _1.fdt, _1_Lucene41_0.pos]
May 08, 2014 4:04:07 PM org.apache.solr.search.SolrIndexSearcher <init>
INFO: Opening Searcher@3636a8fe main
May 08, 2014 4:04:07 PM org.apache.solr.core.SolrCore registerSearcher
INFO: [development] Registered new searcher Searcher@3636a8fe main{StandardDirectoryReader(segments_3:5 _0(4.2):C1 _1(4.2):C1)}
May 08, 2014 4:04:07 PM org.apache.solr.update.DirectUpdateHandler2 commit
INFO: end_commit_flush
May 08, 2014 4:04:07 PM org.apache.solr.update.processor.LogUpdateProcessor finish
INFO: [development] webapp=/solr path=/update params={wt=ruby} {commit=} 0 17
May 08, 2014 4:04:11 PM org.apache.solr.core.SolrCore execute
INFO: [development] webapp=/solr path=/select params={q=*:*&start=0&fq=type:Article&rows=30&wt=ruby} hits=2 status=0 QTime=1 
May 08, 2014 4:04:16 PM org.apache.solr.core.SolrCore execute
INFO: [development] webapp=/solr path=/select params={q=banana&defType=edismax&qf=name_text+content_text&fl=*+score&start=0&fq=type:Article&rows=30&wt=ruby} hits=1 status=0 QTime=10 
May 08, 2014 5:45:10 PM org.apache.solr.core.SolrCore execute
INFO: [development] webapp=/solr path=/select params={q=*:*&start=0&fq=type:Article&rows=30&wt=ruby} hits=2 status=0 QTime=1 
May 08, 2014 6:06:52 PM org.apache.solr.core.SolrCore execute
INFO: [development] webapp=/solr path=/select params={q=*:*&start=0&fq=type:Article&rows=30&wt=ruby} hits=2 status=0 QTime=1 
May 08, 2014 6:07:07 PM org.apache.solr.update.processor.LogUpdateProcessor finish
INFO: [development] webapp=/solr path=/update params={wt=ruby} {add=[Article 7 (1467569382251036672)]} 0 3
May 08, 2014 6:07:07 PM org.apache.solr.update.DirectUpdateHandler2 commit
INFO: start commit{,optimize=false,openSearcher=true,waitSearcher=true,expungeDeletes=false,softCommit=false,prepareCommit=false}
May 08, 2014 6:07:07 PM org.apache.solr.core.SolrDeletionPolicy onCommit
INFO: SolrDeletionPolicy.onCommit: commits:num=2
	commit{dir=NRTCachingDirectory(org.apache.lucene.store.NIOFSDirectory@/Users/nathalia/Workspace/tutorial-soo/database-search-with-solr/solr/development/data/index lockFactory=org.apache.lucene.store.NativeFSLockFactory@3c253c41; maxCacheMB=48.0 maxMergeSizeMB=4.0),segFN=segments_3,generation=3,filenames=[_0_Lucene41_0.tip, _0_Lucene41_0.doc, _0.si, _0_Lucene41_0.tim, _1.si, _1.nvd, _0.nvd, _0.fdx, _1.nvm, _1.fnm, _0.fdt, _0_Lucene41_0.pos, segments_3, _1_Lucene41_0.tip, _1.fdx, _1_Lucene41_0.doc, _1_Lucene41_0.tim, _0.nvm, _0.fnm, _1.fdt, _1_Lucene41_0.pos]
	commit{dir=NRTCachingDirectory(org.apache.lucene.store.NIOFSDirectory@/Users/nathalia/Workspace/tutorial-soo/database-search-with-solr/solr/development/data/index lockFactory=org.apache.lucene.store.NativeFSLockFactory@3c253c41; maxCacheMB=48.0 maxMergeSizeMB=4.0),segFN=segments_4,generation=4,filenames=[_0_Lucene41_0.tip, _0_Lucene41_0.tim, _1.si, _1.nvd, _0.nvd, _2.fdt, _2_Lucene41_0.doc, _1.nvm, _1.fnm, _2.fdx, _0_Lucene41_0.pos, _2.nvd, _2.nvm, _2.fnm, _1.fdx, _1_Lucene41_0.doc, _1.fdt, _0_Lucene41_0.doc, _0.si, _2.si, _2_Lucene41_0.tip, _2_Lucene41_0.tim, _0.fdx, _2_Lucene41_0.pos, segments_4, _0.fdt, _1_Lucene41_0.tip, _1_Lucene41_0.tim, _0.nvm, _0.fnm, _1_Lucene41_0.pos]
May 08, 2014 6:07:07 PM org.apache.solr.core.SolrDeletionPolicy updateCommits
INFO: newest commit = 4[_0_Lucene41_0.tip, _0_Lucene41_0.tim, _1.si, _1.nvd, _0.nvd, _2.fdt, _2_Lucene41_0.doc, _1.nvm, _1.fnm, _2.fdx, _0_Lucene41_0.pos, _2.nvd, _2.nvm, _2.fnm, _1.fdx, _1_Lucene41_0.doc, _1.fdt, _0_Lucene41_0.doc, _0.si, _2.si, _2_Lucene41_0.tip, _2_Lucene41_0.tim, _0.fdx, _2_Lucene41_0.pos, segments_4, _0.fdt, _1_Lucene41_0.tip, _1_Lucene41_0.tim, _0.nvm, _0.fnm, _1_Lucene41_0.pos]
May 08, 2014 6:07:07 PM org.apache.solr.search.SolrIndexSearcher <init>
INFO: Opening Searcher@25fd61f5 main
May 08, 2014 6:07:07 PM org.apache.solr.core.SolrCore registerSearcher
INFO: [development] Registered new searcher Searcher@25fd61f5 main{StandardDirectoryReader(segments_4:7 _0(4.2):C1 _1(4.2):C1 _2(4.2):C1)}
May 08, 2014 6:07:07 PM org.apache.solr.update.DirectUpdateHandler2 commit
INFO: end_commit_flush
May 08, 2014 6:07:07 PM org.apache.solr.update.processor.LogUpdateProcessor finish
INFO: [development] webapp=/solr path=/update params={wt=ruby} {commit=} 0 22
May 08, 2014 6:07:09 PM org.apache.solr.core.SolrCore execute
INFO: [development] webapp=/solr path=/select params={q=*:*&start=0&fq=type:Article&rows=30&wt=ruby} hits=3 status=0 QTime=1 
May 08, 2014 6:07:15 PM org.apache.solr.core.SolrCore execute
INFO: [development] webapp=/solr path=/select params={q=banana&defType=edismax&qf=name_text^2.0+content_text&fl=*+score&start=0&fq=type:Article&rows=30&wt=ruby} hits=2 status=0 QTime=2 
May 08, 2014 6:36:55 PM org.apache.solr.core.SolrCore execute
INFO: [development] webapp=/solr path=/select params={q=banana&defType=edismax&ps=1&qf=name_text^2.0+content_text&fl=*+score&pf=content_text^2.0&start=0&fq=type:Article&rows=30&wt=ruby} hits=2 status=0 QTime=5 
May 08, 2014 6:36:58 PM org.apache.solr.core.SolrCore execute
INFO: [development] webapp=/solr path=/select params={q=banana&defType=edismax&ps=1&qf=name_text^2.0+content_text&fl=*+score&pf=content_text^2.0&start=0&fq=type:Article&rows=30&wt=ruby} hits=2 status=0 QTime=1 
May 08, 2014 6:37:02 PM org.apache.solr.core.SolrCore execute
INFO: [development] webapp=/solr path=/select params={q=banana+limao&defType=edismax&ps=1&qf=name_text^2.0+content_text&fl=*+score&pf=content_text^2.0&start=0&fq=type:Article&rows=30&wt=ruby} hits=1 status=0 QTime=7 
